<?xml version="1.0" encoding="UTF-8"?>
<!-- Generated by org.testng.reporters.JUnitXMLReporter -->
<testsuite ignored="0" hostname="ip-172-31-14-13" failures="0" tests="3" name="SmartBazar_PFC" time="149.183" errors="0" timestamp="2026-01-19T10:04:06 UTC">
  <testcase classname="io.cucumber.testng.AbstractTestNGCucumberTests" name="runScenario" time="32.401"/>
  <testcase classname="io.cucumber.testng.AbstractTestNGCucumberTests" name="runScenario" time="59.686"/>
  <testcase classname="io.cucumber.testng.AbstractTestNGCucumberTests" name="runScenario" time="56.045"/>
</testsuite> <!-- SmartBazar_PFC -->
