<?xml version="1.0" encoding="UTF-8"?>
<testng-results ignored="0" total="1" passed="1" failed="0" skipped="0">
  <reporter-output>
  </reporter-output>
  <suite started-at="2026-01-15T10:45:05 UTC" name="Default Suite" finished-at="2026-01-15T10:45:24 UTC" duration-ms="19782">
    <groups>
    </groups>
    <test started-at="2026-01-15T10:45:05 UTC" name="SmartBazar_PFC" finished-at="2026-01-15T10:45:24 UTC" duration-ms="19782">
      <class name="GetRicePriceTest">
        <test-method is-config="true" signature="beforeTest()[pri:0, instance:GetRicePriceTest@34123d65]" started-at="2026-01-15T10:45:05 UTC" name="beforeTest" finished-at="2026-01-15T10:45:14 UTC" duration-ms="9443" status="PASS">
          <reporter-output>
          </reporter-output>
        </test-method> <!-- beforeTest -->
        <test-method signature="GetRicePriceTest()[pri:0, instance:GetRicePriceTest@34123d65]" started-at="2026-01-15T10:45:14 UTC" name="GetRicePriceTest" finished-at="2026-01-15T10:45:24 UTC" duration-ms="10087" status="PASS">
          <reporter-output>
          </reporter-output>
        </test-method> <!-- GetRicePriceTest -->
        <test-method is-config="true" signature="afterTest()[pri:0, instance:GetRicePriceTest@34123d65]" started-at="2026-01-15T10:45:24 UTC" name="afterTest" finished-at="2026-01-15T10:45:24 UTC" duration-ms="194" status="PASS">
          <reporter-output>
          </reporter-output>
        </test-method> <!-- afterTest -->
      </class> <!-- GetRicePriceTest -->
    </test> <!-- SmartBazar_PFC -->
  </suite> <!-- Default Suite -->
</testng-results>
