<?xml version="1.0" encoding="UTF-8"?>
<!-- Generated by org.testng.reporters.JUnitReportReporter -->
<testsuite hostname="ip-172-31-14-13" failures="0" tests="3" name="TestRunner.TestRunner" time="32.963" errors="0" timestamp="2026-01-19T10:59:13 UTC" skipped="0">
  <testcase classname="TestRunner.TestRunner" name="runScenario" time="10.404"/>
  <testcase classname="TestRunner.TestRunner" name="runScenario" time="10.786"/>
  <testcase classname="TestRunner.TestRunner" name="runScenario" time="11.773"/>
</testsuite> <!-- TestRunner.TestRunner -->
